build/app/outputs/mapping/release/seeds.txt
com.example.flutter_app.MainActivity
com.example.flutter_app.MainActivity: MainActivity()
...
androidx.core.app.RemoteActionCompat
androidx.window.embedding.SplitPairRule: boolean getFinishSecondaryWithPrimary()
kotlinx.coroutines.channels.BufferOverflow: kotlinx.coroutines.channels.BufferOverflow[] values()
kotlinx.coroutines.internal.LockFreeLinkedListNode
androidx.window.layout.HardwareFoldingFeature$Type$Companion: HardwareFoldingFeature$Type$Companion(kotlin.jvm.internal.DefaultConstructorMarker)
kotlin.reflect.KVisibility: kotlin.reflect.KVisibility[] values()
androidx.window.embedding.SplitPlaceholderRule
kotlin.coroutines.jvm.internal.BaseContinuationImpl: kotlin.coroutines.Continuation completion
androidx.window.layout.SidecarWindowBackend$Companion: void resetInstance()
androidx.window.layout.ExtensionInterfaceCompat$ExtensionCallbackInterface
androidx.window.layout.WindowMetricsCalculator$Companion$reset$1
androidx.window.layout.ExtensionInterfaceCompat: void setExtensionCallback(androidx.window.layout.ExtensionInterfaceCompat$ExtensionCallbackInterface)
androidx.window.embedding.SplitPlaceholderRule: java.util.Set filters
androidx.window.layout.WindowInfoTrackerImpl: androidx.window.layout.WindowInfoTrackerImpl$Companion Companion
androidx.window.embedding.EmbeddingCompat: EmbeddingCompat()
androidx.window.R$attr: int secondaryActivityAction
androidx.window.layout.DisplayCompatHelperApi28: int safeInsetTop(android.view.DisplayCutout)
androidx.versionedparcelable.CustomVersionedParcelable
androidx.window.layout.FoldingFeature$Orientation$Companion: FoldingFeature$Orientation$Companion(kotlin.jvm.internal.DefaultConstructorMarker)
io.flutter.plugin.platform.SingleViewPresentation: io.flutter.plugin.platform.SingleViewPresentation$PresentationState detachState()
androidx.window.layout.FoldingFeature: androidx.window.layout.FoldingFeature$State getState()
androidx.window.layout.DisplayCompatHelperApi28: int safeInsetLeft(android.view.DisplayCutout)
androidx.window.core.Version$Companion: androidx.window.core.Version getVERSION_1_0()
androidx.window.layout.WindowMetricsCalculator$Companion$overrideDecorator$1: WindowMetricsCalculator$Companion$overrideDecorator$1(java.lang.Object)
kotlin.jvm.internal.CallableReference: kotlin.reflect.KCallable getReflected()
kotlinx.coroutines.internal.LockFreeLinkedListHead
io.flutter.embedding.engine.FlutterJNI: void removeEngineLifecycleListener(io.flutter.embedding.engine.FlutterEngine$EngineLifecycleListener)
io.flutter.embedding.engine.FlutterJNI: io.flutter.embedding.engine.FlutterJNI nativeSpawn(long,java.lang.String,java.lang.String,java.lang.String,java.util.List)
androidx.window.java.layout.WindowInfoTrackerCallbackAdapter: void removeListener(androidx.core.util.Consumer)
androidx.window.java.layout.WindowInfoTrackerCallbackAdapter$addListener$1$1: java.lang.Object invoke(kotlinx.coroutines.CoroutineScope,kotlin.coroutines.Continuation)
androidx.window.core.Bounds: int getLeft()
androidx.window.embedding.SplitPairFilter: java.lang.String toString()
androidx.window.core.Version: java.lang.String getDescription()
androidx.window.embedding.SplitInfo
kotlin.coroutines.jvm.internal.BaseContinuationImpl: kotlin.coroutines.Continuation getCompletion()
androidx.window.layout.HardwareFoldingFeature$Companion
io.flutter.embedding.android.FlutterImageView$SurfaceKind: io.flutter.embedding.android.FlutterImageView$SurfaceKind[] values()
info.whitebyte.hotspotmanager.WIFI_AP_STATE: info.whitebyte.hotspotmanager.WIFI_AP_STATE[] values()
androidx.window.core.Version: int compareTo(java.lang.Object)
io.flutter.embedding.engine.FlutterJNI: void registerTexture(long,io.flutter.embedding.engine.renderer.SurfaceTextureWrapper)
androidx.window.embedding.ExtensionEmbeddingBackend$Companion
androidx.window.layout.WindowInfoTrackerImpl: androidx.window.layout.WindowBackend windowBackend
kotlinx.coroutines.scheduling.WorkQueue: int producerIndex
io.flutter.embedding.engine.renderer.SurfaceTextureWrapper: boolean attached