build/app/outputs/mapping/release/mapping.txt
# compiler: R8
# compiler_version: 2.0.88
# min_api: 16
# pg_map_id: 054c03b
# common_typos_disable
...
io.flutter.embedding.android.FlutterImageView$1 -> io.flutter.embedding.android.h$a:
    int[] $SwitchMap$io$flutter$embedding$android$FlutterImageView$SurfaceKind -> a
io.flutter.embedding.android.FlutterImageView$SurfaceKind -> io.flutter.embedding.android.h$b:
    io.flutter.embedding.android.FlutterImageView$SurfaceKind[] $VALUES -> f
    io.flutter.embedding.android.FlutterImageView$SurfaceKind overlay -> e
    io.flutter.embedding.android.FlutterImageView$SurfaceKind background -> d
io.flutter.embedding.android.FlutterSplashView -> io.flutter.embedding.android.FlutterSplashView:
    io.flutter.embedding.engine.renderer.FlutterUiDisplayListener flutterUiDisplayListener -> k
    java.lang.String previousCompletedSplashIsolate -> i
    java.lang.String transitioningIsolateId -> h
    io.flutter.embedding.android.FlutterView flutterView -> e
    java.lang.String TAG -> m
    android.os.Bundle splashScreenState -> g
    java.lang.Runnable onTransitionComplete -> l
    io.flutter.embedding.android.FlutterView$FlutterEngineAttachmentListener flutterEngineAttachmentListener -> j
    io.flutter.embedding.android.SplashScreen splashScreen -> d
    android.view.View splashScreenView -> f
    io.flutter.embedding.android.FlutterView access$000(io.flutter.embedding.android.FlutterSplashView) -> a
    io.flutter.embedding.android.SplashScreen access$100(io.flutter.embedding.android.FlutterSplashView) -> b
    void access$200(io.flutter.embedding.android.FlutterSplashView) -> c
    android.view.View access$300(io.flutter.embedding.android.FlutterSplashView) -> d
    java.lang.String access$402(io.flutter.embedding.android.FlutterSplashView,java.lang.String) -> e
    java.lang.String access$500(io.flutter.embedding.android.FlutterSplashView) -> f
    void displayFlutterViewWithSplash(io.flutter.embedding.android.FlutterView,io.flutter.embedding.android.SplashScreen) -> g
    boolean hasSplashCompleted() -> h
    boolean isSplashScreenNeededNow() -> i
io.flutter.embedding.android.FlutterSplashView$1 -> io.flutter.embedding.android.FlutterSplashView$a:
    io.flutter.embedding.android.FlutterSplashView this$0 -> a
    void onFlutterEngineAttachedToFlutterView(io.flutter.embedding.engine.FlutterEngine) -> a
    void onFlutterEngineDetachedFromFlutterView() -> b
io.flutter.embedding.android.FlutterSplashView$2 -> io.flutter.embedding.android.FlutterSplashView$b:
    io.flutter.embedding.android.FlutterSplashView this$0 -> a
    void onFlutterUiDisplayed() -> d
    void onFlutterUiNoLongerDisplayed() -> f
io.flutter.embedding.android.FlutterSplashView$3 -> io.flutter.embedding.android.FlutterSplashView$c:
    io.flutter.embedding.android.FlutterSplashView this$0 -> d
io.flutter.embedding.android.FlutterSplashView$SavedState$1 -> io.flutter.embedding.android.FlutterSplashView$SavedState$a:
    io.flutter.embedding.android.FlutterSplashView$SavedState createFromParcel(android.os.Parcel) -> a
    io.flutter.embedding.android.FlutterSplashView$SavedState[] newArray(int) -> b