build/app/outputs/mapping/release/usage.txt
com.example.flutter_app.R$mipmap
com.example.flutter_app.R$drawable
com.example.flutter_app.R
com.example.flutter_app.R$id
com.example.flutter_app.R$string
com.example.flutter_app.R$layout
com.example.flutter_app.R$style
com.example.flutter_app.R$dimen
com.example.flutter_app.R$color
com.example.flutter_app.BuildConfig
com.example.flutter_app.R$integer
com.example.flutter_app.R$styleable
com.example.flutter_app.R$attr
...
com.google.common.reflect.Types$ClassOwnership$3
androidx.loader.content.ModernAsyncTask$3
kotlin.jvm.functions.Function7:
    public abstract java.lang.Object invoke(java.lang.Object,java.lang.Object,java.lang.Object,java.lang.Object,java.lang.Object,java.lang.Object,java.lang.Object)
kotlinx.coroutines.ParentJob$DefaultImpls
com.google.common.base.StandardSystemProperty
com.google.common.collect.ImmutableRangeSet$AsSet
com.google.common.collect.MutableClassToInstanceMap
kotlinx.coroutines.internal.ThreadLocalKt
com.google.common.util.concurrent.AbstractFuture$SafeAtomicHelper
com.google.common.io.BaseEncoding$StandardBaseEncoding$2
kotlinx.coroutines.flow.FlowKt__ReduceKt$singleOrNull$1
androidx.lifecycle.ClassesInfoCache$CallbackInfo:
    void <init>(java.util.Map)
    private static void invokeMethodsForEvent(java.util.List,androidx.lifecycle.LifecycleOwner,androidx.lifecycle.Lifecycle$Event,java.lang.Object)
    final java.util.Map mEventToHandlers
    final java.util.Map mHandlerToEvent
com.google.common.collect.DenseImmutableTable$1
kotlinx.coroutines.AwaitAll
com.google.common.reflect.ImmutableTypeToInstanceMap$Builder
kotlinx.coroutines.UndispatchedCoroutine:
    public void <init>(kotlin.coroutines.CoroutineContext,kotlin.coroutines.Continuation)
com.google.common.collect.CompactLinkedHashMap
com.google.common.util.concurrent.ForwardingListenableFuture
androidx.core.text.util.LinkifyCompat$1
com.google.common.collect.MapMakerInternalMap$Strength
com.google.common.util.concurrent.SmoothRateLimiter$SmoothWarmingUp
com.google.common.base.CharMatcher$Negated
androidx.core.net.UriCompat
kotlinx.coroutines.ThreadContextElementKt
com.google.common.collect.MultimapBuilder$MultimapBuilderWithKeys$2
androidx.core.util.Pools
androidx.annotation.MenuRes
com.google.common.base.Splitter$2
com.google.common.base.Predicates$AndPredicate
com.google.common.util.concurrent.UncheckedExecutionException
com.google.common.collect.Cut$BelowValue
io.flutter.plugin.platform.PlatformViewRegistry:
    public abstract boolean registerViewFactory(java.lang.String,io.flutter.plugin.platform.PlatformViewFactory)
com.google.common.cache.CacheLoader$FunctionToCacheLoader
kotlin.UByteArrayKt
javax.annotation.concurrent.Immutable
kotlinx.coroutines.flow.FlowKt__ErrorsKt$retryWhen$$inlined$unsafeFlow$1$1
com.google.common.reflect.AbstractInvocationHandler
kotlin.collections.MapsKt__MapWithDefaultKt:
    public static final java.lang.Object getOrImplicitDefaultNullable(java.util.Map,java.lang.Object)
    public static final java.util.Map withDefault(java.util.Map,kotlin.jvm.functions.Function1)
    public static final java.util.Map withDefaultMutable(java.util.Map,kotlin.jvm.functions.Function1)
    public void <init>()
kotlin.ranges.CharProgression$Companion
kotlin.comparisons.ComparisonsKt__ComparisonsKt$compareBy$3
com.google.common.collect.ForwardingNavigableMap$StandardDescendingMap
kotlinx.coroutines.debug.internal.DebugProbesImpl$dumpCoroutinesInfoImpl$lambda-14$$inlined$sortedBy$1
com.google.common.io.ByteSource
kotlin.coroutines.EmptyCoroutineContext:
    private final java.lang.Object readResolve()
    private static final long serialVersionUID
kotlinx.coroutines.channels.BroadcastKt$broadcast$2
com.google.common.collect.Synchronized$SynchronizedTable$1
com.google.common.collect.LinkedHashMultimap$ValueSet
androidx.lifecycle.ComputableLiveData
com.google.common.util.concurrent.FluentFuture$TrustedFuture
kotlin.time.TestTimeSource
kotlin.coroutines.jvm.internal.DebugMetadata:
    public abstract java.lang.String[] n()
    public abstract java.lang.String[] s()
    public abstract int[] i()
kotlinx.coroutines.flow.FlowKt__DelayKt
com.google.common.collect.Maps$4
com.google.common.collect.TreeRangeMap$SubRangeMap$SubRangeMapAsMap$3
androidx.core.graphics.drawable.RoundedBitmapDrawableFactory$DefaultRoundedBitmapDrawable
kotlin.ranges.ULongProgression$Companion
javax.annotation.RegEx$Checker
com.google.common.cache.AbstractCache$StatsCounter